<?xml version="1.0" encoding="UTF-8"?>
<!-- Generated by org.testng.reporters.JUnitXMLReporter -->
<testsuite ignored="1" hostname="DESKTOP-8HN186T" failures="0" tests="1" name="Default test" time="406.638" errors="0" timestamp="2025-01-24T22:16:07 IST">
  <testcase classname="sZephyr_testcases.End_to_End_Flow" name="Blewithoutrouter_pairing" time="404.547"/>
  <testcase classname="sZephyr_testcases.End_to_End_Flow" name="homePageUICheck" time="0.0">
    <ignored/>
  </testcase> <!-- homePageUICheck -->
</testsuite> <!-- Default test -->
