<?xml version="1.0" encoding="UTF-8"?>
<testng-results ignored="0" total="1" passed="1" failed="0" skipped="0">
  <reporter-output>
  </reporter-output>
  <suite started-at="2025-04-04T19:20:10 IST" name="Default suite" finished-at="2025-04-04T19:20:45 IST" duration-ms="34765">
    <groups>
    </groups>
    <test started-at="2025-04-04T19:20:10 IST" name="Default test" finished-at="2025-04-04T19:20:45 IST" duration-ms="34765">
      <class name="sZephyr_testcases.Before_pairing">
        <test-method is-config="true" signature="beforeSuite()[pri:0, instance:sZephyr_testcases.Before_pairing@dd0c991]" started-at="2025-04-04T19:20:10 IST" name="beforeSuite" finished-at="2025-04-04T19:20:10 IST" duration-ms="225" status="PASS">
          <reporter-output>
          </reporter-output>
        </test-method> <!-- beforeSuite -->
        <test-method is-config="true" signature="beforeTest()[pri:0, instance:sZephyr_testcases.Before_pairing@dd0c991]" started-at="2025-04-04T19:20:10 IST" name="beforeTest" finished-at="2025-04-04T19:20:10 IST" duration-ms="1" status="PASS">
          <reporter-output>
          </reporter-output>
        </test-method> <!-- beforeTest -->
        <test-method is-config="true" signature="startTestCase()[pri:0, instance:sZephyr_testcases.Before_pairing@dd0c991]" started-at="2025-04-04T19:20:10 IST" name="startTestCase" finished-at="2025-04-04T19:20:10 IST" duration-ms="0" status="PASS">
          <reporter-output>
          </reporter-output>
        </test-method> <!-- startTestCase -->
        <test-method is-config="true" signature="beforeMethod()[pri:0, instance:sZephyr_testcases.Before_pairing@dd0c991]" started-at="2025-04-04T19:20:10 IST" name="beforeMethod" finished-at="2025-04-04T19:20:10 IST" duration-ms="3" status="PASS">
          <reporter-output>
          </reporter-output>
        </test-method> <!-- beforeMethod -->
        <test-method signature="homePageUICheck()[pri:0, instance:sZephyr_testcases.Before_pairing@dd0c991]" started-at="2025-04-04T19:20:10 IST" name="homePageUICheck" finished-at="2025-04-04T19:20:19 IST" duration-ms="8478" status="PASS">
          <reporter-output>
          </reporter-output>
        </test-method> <!-- homePageUICheck -->
        <test-method is-config="true" signature="afterMethod()[pri:0, instance:sZephyr_testcases.Before_pairing@dd0c991]" started-at="2025-04-04T19:20:19 IST" name="afterMethod" finished-at="2025-04-04T19:20:45 IST" duration-ms="26252" status="PASS">
          <reporter-output>
          </reporter-output>
        </test-method> <!-- afterMethod -->
        <test-method is-config="true" signature="afterTest()[pri:0, instance:sZephyr_testcases.Before_pairing@dd0c991]" started-at="2025-04-04T19:20:45 IST" name="afterTest" finished-at="2025-04-04T19:20:45 IST" duration-ms="0" status="PASS">
          <reporter-output>
          </reporter-output>
        </test-method> <!-- afterTest -->
        <test-method is-config="true" signature="afterSuite()[pri:0, instance:sZephyr_testcases.Before_pairing@dd0c991]" started-at="2025-04-04T19:20:45 IST" name="afterSuite" finished-at="2025-04-04T19:20:45 IST" duration-ms="207" status="PASS">
          <reporter-output>
          </reporter-output>
        </test-method> <!-- afterSuite -->
      </class> <!-- sZephyr_testcases.Before_pairing -->
    </test> <!-- Default test -->
  </suite> <!-- Default suite -->
</testng-results>
